Using pre-set license
Built from '2021.3/staging' branch; Version is '2021.3.9f1 (ad3870b89536) revision 11352176'; Using compiler version '192829333'; Build Type 'Release'
OS: 'Windows 10  (10.0.19044) 64bit Education' Language: 'es' Physical Memory: 8046 MB
BatchMode: 1, IsHumanControllingUs: 0, StartBugReporterOnCrash: 0, Is64bit: 1, IsPro: 1

COMMAND LINE ARGUMENTS:
C:\Program Files\Unity\Hub\Editor\2021.3.9f1\Editor\Unity.exe
-adb2
-batchMode
-noUpm
-name
AssetImportWorker3
-projectPath
D:/Programacion/2DAM/Unity/03 - Plataformas
-logFile
Logs/AssetImportWorker3.log
-srvPort
50404
Successfully changed project path to: D:/Programacion/2DAM/Unity/03 - Plataformas
D:/Programacion/2DAM/Unity/03 - Plataformas
[UnityMemory] Configuration Parameters - Can be set up in boot.config
    "memorysetup-bucket-allocator-granularity=16"
    "memorysetup-bucket-allocator-bucket-count=8"
    "memorysetup-bucket-allocator-block-size=33554432"
    "memorysetup-bucket-allocator-block-count=8"
    "memorysetup-main-allocator-block-size=16777216"
    "memorysetup-thread-allocator-block-size=16777216"
    "memorysetup-gfx-main-allocator-block-size=16777216"
    "memorysetup-gfx-thread-allocator-block-size=16777216"
    "memorysetup-cache-allocator-block-size=4194304"
    "memorysetup-typetree-allocator-block-size=2097152"
    "memorysetup-profiler-bucket-allocator-granularity=16"
    "memorysetup-profiler-bucket-allocator-bucket-count=8"
    "memorysetup-profiler-bucket-allocator-block-size=33554432"
    "memorysetup-profiler-bucket-allocator-block-count=8"
    "memorysetup-profiler-allocator-block-size=16777216"
    "memorysetup-profiler-editor-allocator-block-size=1048576"
    "memorysetup-temp-allocator-size-main=16777216"
    "memorysetup-job-temp-allocator-block-size=2097152"
    "memorysetup-job-temp-allocator-block-size-background=1048576"
    "memorysetup-job-temp-allocator-reduction-small-platforms=262144"
    "memorysetup-temp-allocator-size-background-worker=32768"
    "memorysetup-temp-allocator-size-job-worker=262144"
    "memorysetup-temp-allocator-size-preload-manager=33554432"
    "memorysetup-temp-allocator-size-nav-mesh-worker=65536"
    "memorysetup-temp-allocator-size-audio-worker=65536"
    "memorysetup-temp-allocator-size-cloud-worker=32768"
    "memorysetup-temp-allocator-size-gi-baking-worker=262144"
    "memorysetup-temp-allocator-size-gfx=262144"
Refreshing native plugins compatible for Editor in 187.03 ms, found 4 plugins.
Preloading 0 native plugins for Editor in 0.00 ms.
Initialize engine version: 2021.3.9f1 (ad3870b89536)
[Subsystems] Discovering subsystems at path C:/Program Files/Unity/Hub/Editor/2021.3.9f1/Editor/Data/Resources/UnitySubsystems
[Subsystems] Discovering subsystems at path D:/Programacion/2DAM/Unity/03 - Plataformas/Assets
GfxDevice: creating device client; threaded=0; jobified=0
Direct3D:
    Version:  Direct3D 11.0 [level 11.1]
    Renderer: NVIDIA GeForce GTX 1050 Ti (ID=0x1c8c)
    Vendor:   NVIDIA
    VRAM:     4021 MB
    Driver:   25.21.14.2546
Initialize mono
Mono path[0] = 'C:/Program Files/Unity/Hub/Editor/2021.3.9f1/Editor/Data/Managed'
Mono path[1] = 'C:/Program Files/Unity/Hub/Editor/2021.3.9f1/Editor/Data/MonoBleedingEdge/lib/mono/unityjit-win32'
Mono config path = 'C:/Program Files/Unity/Hub/Editor/2021.3.9f1/Editor/Data/MonoBleedingEdge/etc'
Using monoOptions --debugger-agent=transport=dt_socket,embedding=1,server=y,suspend=n,address=127.0.0.1:56448
Begin MonoManager ReloadAssembly
Registering precompiled unity dll's ...
Register platform support module: C:/Program Files/Unity/Hub/Editor/2021.3.9f1/Editor/Data/PlaybackEngines/WindowsStandaloneSupport/UnityEditor.WindowsStandalone.Extensions.dll
Registered in 0.012801 seconds.
Native extension for WindowsStandalone target not found
Refreshing native plugins compatible for Editor in 106.02 ms, found 4 plugins.
Preloading 0 native plugins for Editor in 0.00 ms.
Mono: successfully reloaded assembly
- Completed reload, in  1.039 seconds
Domain Reload Profiling:
	ReloadAssembly (1039ms)
		BeginReloadAssembly (141ms)
			ExecutionOrderSort (0ms)
			DisableScriptedObjects (0ms)
			BackupInstance (0ms)
			ReleaseScriptingObjects (0ms)
			CreateAndSetChildDomain (1ms)
		EndReloadAssembly (672ms)
			LoadAssemblies (139ms)
			RebuildTransferFunctionScriptingTraits (0ms)
			SetupTypeCache (227ms)
			ReleaseScriptCaches (0ms)
			RebuildScriptCaches (39ms)
			SetupLoadedEditorAssemblies (321ms)
				LogAssemblyErrors (0ms)
				InitializePlatformSupportModulesInManaged (9ms)
				SetLoadedEditorAssemblies (0ms)
				RefreshPlugins (106ms)
				BeforeProcessingInitializeOnLoad (2ms)
				ProcessInitializeOnLoadAttributes (156ms)
				ProcessInitializeOnLoadMethodAttributes (49ms)
				AfterProcessingInitializeOnLoad (0ms)
				EditorAssembliesLoaded (0ms)
			ExecutionOrderSort2 (0ms)
			AwakeInstancesAfterBackupRestoration (0ms)
Platform modules already initialized, skipping
Registering precompiled user dll's ...
Registered in 0.007012 seconds.
Begin MonoManager ReloadAssembly
Symbol file LoadedFromMemory doesn't match image D:\Programacion\2DAM\Unity\03 - Plataformas\Library\PackageCache\com.unity.visualscripting@1.7.8\Editor\VisualScripting.Core\Dependencies\YamlDotNet\Unity.VisualScripting.YamlDotNet.dll
Symbol file LoadedFromMemory doesn't match image D:\Programacion\2DAM\Unity\03 - Plataformas\Library\PackageCache\com.unity.visualscripting@1.7.8\Editor\VisualScripting.Core\Dependencies\DotNetZip\Unity.VisualScripting.IonicZip.dll
Native extension for WindowsStandalone target not found
Refreshing native plugins compatible for Editor in 149.64 ms, found 4 plugins.
Preloading 0 native plugins for Editor in 0.00 ms.
Mono: successfully reloaded assembly
- Completed reload, in  1.816 seconds
Domain Reload Profiling:
	ReloadAssembly (1818ms)
		BeginReloadAssembly (124ms)
			ExecutionOrderSort (0ms)
			DisableScriptedObjects (8ms)
			BackupInstance (0ms)
			ReleaseScriptingObjects (0ms)
			CreateAndSetChildDomain (21ms)
		EndReloadAssembly (1573ms)
			LoadAssemblies (185ms)
			RebuildTransferFunctionScriptingTraits (0ms)
			SetupTypeCache (395ms)
			ReleaseScriptCaches (1ms)
			RebuildScriptCaches (107ms)
			SetupLoadedEditorAssemblies (772ms)
				LogAssemblyErrors (0ms)
				InitializePlatformSupportModulesInManaged (8ms)
				SetLoadedEditorAssemblies (0ms)
				RefreshPlugins (150ms)
				BeforeProcessingInitializeOnLoad (139ms)
				ProcessInitializeOnLoadAttributes (359ms)
				ProcessInitializeOnLoadMethodAttributes (97ms)
				AfterProcessingInitializeOnLoad (17ms)
				EditorAssembliesLoaded (0ms)
			ExecutionOrderSort2 (0ms)
			AwakeInstancesAfterBackupRestoration (12ms)
Platform modules already initialized, skipping
========================================================================
Worker process is ready to serve import requests
Launched and connected shader compiler UnityShaderCompiler.exe after 0.24 seconds
Refreshing native plugins compatible for Editor in 0.83 ms, found 4 plugins.
Preloading 0 native plugins for Editor in 0.00 ms.
Unloading 4248 Unused Serialized files (Serialized files now loaded: 0)
Unloading 57 unused Assets / (294.3 KB). Loaded Objects now: 4699.
Memory consumption went from 160.0 MB to 159.7 MB.
Total: 4.632300 ms (FindLiveObjects: 0.345700 ms CreateObjectMapping: 0.227000 ms MarkObjects: 3.869200 ms  DeleteObjects: 0.189400 ms)

AssetImportParameters requested are different than current active one (requested -> active):
  custom:video-decoder-ogg-theora: a1e56fd34408186e4bbccfd4996cb3dc -> 
  custom:container-muxer-webm: aa71ff27fc2769a1b78a27578f13a17b -> 
  custom:container-demuxer-webm: 4f35f7cbe854078d1ac9338744f61a02 -> 
  custom:video-encoder-webm-vp8: eb34c28f22e8b96e1ab97ce403110664 -> 
  custom:audio-encoder-webm-vorbis: bf7c407c2cedff20999df2af8eb42d56 -> 
  custom:framework-win-MediaFoundation: 216162199b28c13a410421893ffa2e32 -> 
  custom:container-demuxer-ogg: 62fdf1f143b41e24485cea50d1cbac27 -> 
  custom:video-decoder-webm-vp8: 9c59270c3fd7afecdb556c50c9e8de78 -> 
  custom:audio-decoder-ogg-vorbis: bf7c407c2cedff20999df2af8eb42d56 -> 
========================================================================
Received Import Request.
  Time since last request: 8529.543314 seconds.
  path: Assets/Sprites/tiles_spritesheet.png
  artifactKey: Guid(2f23d8998bc30fa4da4be2df0c91d183) Importer(815301076,1909f56bfc062723c751e8b465ee728b)
Start importing Assets/Sprites/tiles_spritesheet.png using Guid(2f23d8998bc30fa4da4be2df0c91d183) Importer(815301076,1909f56bfc062723c751e8b465ee728b)  -> (artifact id: '11cbef17e3d846fce2bc78479644c754') in 1.322992 seconds 
========================================================================
Received Import Request.
  Time since last request: 0.000042 seconds.
  path: Assets/Sprites/tiles_spritesheet_18.asset
  artifactKey: Guid(b57f50f1e1c387a47aaeb71fb5657dcb) Importer(815301076,1909f56bfc062723c751e8b465ee728b)
Start importing Assets/Sprites/tiles_spritesheet_18.asset using Guid(b57f50f1e1c387a47aaeb71fb5657dcb) Importer(815301076,1909f56bfc062723c751e8b465ee728b)  -> (artifact id: '0b5f2d9cf4cfb524033e4419bb6d6346') in 0.030465 seconds 
========================================================================
Received Import Request.
  Time since last request: 0.000035 seconds.
  path: Assets/Sprites/tiles_spritesheet_31.asset
  artifactKey: Guid(9bce2f57643d5674ca854b9703112fbf) Importer(815301076,1909f56bfc062723c751e8b465ee728b)
Start importing Assets/Sprites/tiles_spritesheet_31.asset using Guid(9bce2f57643d5674ca854b9703112fbf) Importer(815301076,1909f56bfc062723c751e8b465ee728b)  -> (artifact id: '94df02c8ad9d6307423f50f1a1b85ef2') in 0.018293 seconds 
========================================================================
Received Import Request.
  Time since last request: 21.139918 seconds.
  path: Assets/Sprites/tiles_spritesheet_0.asset
  artifactKey: Guid(cdb06b272b01720438c514670abb8888) Importer(815301076,1909f56bfc062723c751e8b465ee728b)
Start importing Assets/Sprites/tiles_spritesheet_0.asset using Guid(cdb06b272b01720438c514670abb8888) Importer(815301076,1909f56bfc062723c751e8b465ee728b)  -> (artifact id: 'c6f1af5b544f1555d393ceaa588d4a2d') in 0.022862 seconds 
========================================================================
Received Import Request.
  Time since last request: 0.000041 seconds.
  path: Assets/Sprites/tiles_spritesheet_19.asset
  artifactKey: Guid(30cd2e1039ee2254f824ea54d8b55dc8) Importer(815301076,1909f56bfc062723c751e8b465ee728b)
Start importing Assets/Sprites/tiles_spritesheet_19.asset using Guid(30cd2e1039ee2254f824ea54d8b55dc8) Importer(815301076,1909f56bfc062723c751e8b465ee728b)  -> (artifact id: '779103cfa9dfc861f49f745844cda31f') in 0.018134 seconds 
========================================================================
Received Import Request.
  Time since last request: 0.000033 seconds.
  path: Assets/Sprites/tiles_spritesheet_12.asset
  artifactKey: Guid(52f735acadc2d544f8d44bad7d94bc66) Importer(815301076,1909f56bfc062723c751e8b465ee728b)
Start importing Assets/Sprites/tiles_spritesheet_12.asset using Guid(52f735acadc2d544f8d44bad7d94bc66) Importer(815301076,1909f56bfc062723c751e8b465ee728b)  -> (artifact id: '657fe03ef323bc2bce2ec33e8b3a7b23') in 0.019147 seconds 
========================================================================
Received Import Request.
  Time since last request: 0.000031 seconds.
  path: Assets/Sprites/tiles_spritesheet_6.asset
  artifactKey: Guid(4e400b3c8b8c88a408e9811da2702eb0) Importer(815301076,1909f56bfc062723c751e8b465ee728b)
Start importing Assets/Sprites/tiles_spritesheet_6.asset using Guid(4e400b3c8b8c88a408e9811da2702eb0) Importer(815301076,1909f56bfc062723c751e8b465ee728b)  -> (artifact id: '7a07f7427346bb39baa08c6e1a7f31d3') in 0.022874 seconds 
========================================================================
Received Import Request.
  Time since last request: 0.000033 seconds.
  path: Assets/Sprites/tiles_spritesheet_17.asset
  artifactKey: Guid(542f937334d70b2468730f8e68fbc92a) Importer(815301076,1909f56bfc062723c751e8b465ee728b)
Start importing Assets/Sprites/tiles_spritesheet_17.asset using Guid(542f937334d70b2468730f8e68fbc92a) Importer(815301076,1909f56bfc062723c751e8b465ee728b)  -> (artifact id: '40d930fa5c126b2bd72c781f6e65071d') in 0.028236 seconds 
========================================================================
Received Import Request.
  Time since last request: 0.000044 seconds.
  path: Assets/Sprites/tiles_spritesheet_26.asset
  artifactKey: Guid(bfd131c6d765b1b448a258c90d65a3ae) Importer(815301076,1909f56bfc062723c751e8b465ee728b)
Start importing Assets/Sprites/tiles_spritesheet_26.asset using Guid(bfd131c6d765b1b448a258c90d65a3ae) Importer(815301076,1909f56bfc062723c751e8b465ee728b)  -> (artifact id: 'f885452d4c4f36d50090ef9b774e7c17') in 0.014509 seconds 
========================================================================
Received Import Request.
  Time since last request: 0.000041 seconds.
  path: Assets/Sprites/tiles_spritesheet_23.asset
  artifactKey: Guid(0a69424f4ad90f945a94063c4166c4fb) Importer(815301076,1909f56bfc062723c751e8b465ee728b)
Start importing Assets/Sprites/tiles_spritesheet_23.asset using Guid(0a69424f4ad90f945a94063c4166c4fb) Importer(815301076,1909f56bfc062723c751e8b465ee728b)  -> (artifact id: '504fd303d8ccca6653f3607924c31a5e') in 0.016463 seconds 
========================================================================
Received Import Request.
  Time since last request: 0.000046 seconds.
  path: Assets/Sprites/tiles_spritesheet_25.asset
  artifactKey: Guid(c150592704991b4499ae73913ed66d4f) Importer(815301076,1909f56bfc062723c751e8b465ee728b)
Start importing Assets/Sprites/tiles_spritesheet_25.asset using Guid(c150592704991b4499ae73913ed66d4f) Importer(815301076,1909f56bfc062723c751e8b465ee728b)  -> (artifact id: '4de06ff46fbbd563032fc997ae89e7d9') in 0.018160 seconds 
========================================================================
Received Import Request.
  Time since last request: 0.000043 seconds.
  path: Assets/Sprites/tiles_spritesheet_4.asset
  artifactKey: Guid(a8e90b5486c0a7a4789272512e095e8b) Importer(815301076,1909f56bfc062723c751e8b465ee728b)
Start importing Assets/Sprites/tiles_spritesheet_4.asset using Guid(a8e90b5486c0a7a4789272512e095e8b) Importer(815301076,1909f56bfc062723c751e8b465ee728b)  -> (artifact id: '1e2717f238c1e4d8fff7d95a91f40562') in 0.017601 seconds 
========================================================================
Received Import Request.
  Time since last request: 0.000039 seconds.
  path: Assets/Sprites/tiles_spritesheet_24.asset
  artifactKey: Guid(ad283238eae349744b2d1411710c92b3) Importer(815301076,1909f56bfc062723c751e8b465ee728b)
Start importing Assets/Sprites/tiles_spritesheet_24.asset using Guid(ad283238eae349744b2d1411710c92b3) Importer(815301076,1909f56bfc062723c751e8b465ee728b)  -> (artifact id: 'ad39bd33aa810ec16109a25e0ba26e05') in 0.017498 seconds 
========================================================================
Received Import Request.
  Time since last request: 0.000077 seconds.
  path: Assets/Sprites/tiles_spritesheet_22.asset
  artifactKey: Guid(b1059fc1bf018bf48b81de194aab2560) Importer(815301076,1909f56bfc062723c751e8b465ee728b)
Start importing Assets/Sprites/tiles_spritesheet_22.asset using Guid(b1059fc1bf018bf48b81de194aab2560) Importer(815301076,1909f56bfc062723c751e8b465ee728b)  -> (artifact id: 'a6d482bc9defa199651804a2bea4b2b0') in 0.016344 seconds 
========================================================================
Received Import Request.
  Time since last request: 0.000043 seconds.
  path: Assets/Sprites/tiles_spritesheet_36.asset
  artifactKey: Guid(e673f8c1337fb2d4db8765787056addd) Importer(815301076,1909f56bfc062723c751e8b465ee728b)
Start importing Assets/Sprites/tiles_spritesheet_36.asset using Guid(e673f8c1337fb2d4db8765787056addd) Importer(815301076,1909f56bfc062723c751e8b465ee728b)  -> (artifact id: '7654dbdf05fb00801316b39a021c1a04') in 0.019121 seconds 
========================================================================
Received Import Request.
  Time since last request: 0.000052 seconds.
  path: Assets/Sprites/tiles_spritesheet_11.asset
  artifactKey: Guid(b45f368eff0e8fc408fea23b21bdf7e0) Importer(815301076,1909f56bfc062723c751e8b465ee728b)
Start importing Assets/Sprites/tiles_spritesheet_11.asset using Guid(b45f368eff0e8fc408fea23b21bdf7e0) Importer(815301076,1909f56bfc062723c751e8b465ee728b)  -> (artifact id: '098d46ad6359b949cceea51a3d821a43') in 0.016927 seconds 
========================================================================
Received Import Request.
  Time since last request: 0.000035 seconds.
  path: Assets/Sprites/tiles_spritesheet_3.asset
  artifactKey: Guid(ff670b5609d9ba34c84e8cfdfebc7b7f) Importer(815301076,1909f56bfc062723c751e8b465ee728b)
Start importing Assets/Sprites/tiles_spritesheet_3.asset using Guid(ff670b5609d9ba34c84e8cfdfebc7b7f) Importer(815301076,1909f56bfc062723c751e8b465ee728b)  -> (artifact id: 'bfadacb58b0b119ac62344c8c02e1827') in 0.017871 seconds 
========================================================================
Received Import Request.
  Time since last request: 0.000041 seconds.
  path: Assets/Sprites/tiles_spritesheet_34.asset
  artifactKey: Guid(2e0e26798a773884caaeca45ad0ff55e) Importer(815301076,1909f56bfc062723c751e8b465ee728b)
Start importing Assets/Sprites/tiles_spritesheet_34.asset using Guid(2e0e26798a773884caaeca45ad0ff55e) Importer(815301076,1909f56bfc062723c751e8b465ee728b)  -> (artifact id: '8462a263343b24e93c05c14f348c0f4d') in 0.018648 seconds 
========================================================================
Received Import Request.
  Time since last request: 0.000027 seconds.
  path: Assets/Sprites/tiles_spritesheet_16.asset
  artifactKey: Guid(119f8ab842c61464d8100581ea48304f) Importer(815301076,1909f56bfc062723c751e8b465ee728b)
Start importing Assets/Sprites/tiles_spritesheet_16.asset using Guid(119f8ab842c61464d8100581ea48304f) Importer(815301076,1909f56bfc062723c751e8b465ee728b)  -> (artifact id: 'b1ddd74636a0831bccd911b50d56e893') in 0.024634 seconds 
========================================================================
Received Import Request.
  Time since last request: 0.000039 seconds.
  path: Assets/Sprites/tiles_spritesheet_30.asset
  artifactKey: Guid(ad0bfc05606ab5b4093339f0e3a1e0b5) Importer(815301076,1909f56bfc062723c751e8b465ee728b)
Start importing Assets/Sprites/tiles_spritesheet_30.asset using Guid(ad0bfc05606ab5b4093339f0e3a1e0b5) Importer(815301076,1909f56bfc062723c751e8b465ee728b)  -> (artifact id: '0da571bd4fa4616631b346c13e2440ec') in 0.016622 seconds 
========================================================================
Received Import Request.
  Time since last request: 0.000037 seconds.
  path: Assets/Sprites/tiles_spritesheet_8.asset
  artifactKey: Guid(84b815e2a5cc17147becee083ab82f6f) Importer(815301076,1909f56bfc062723c751e8b465ee728b)
Start importing Assets/Sprites/tiles_spritesheet_8.asset using Guid(84b815e2a5cc17147becee083ab82f6f) Importer(815301076,1909f56bfc062723c751e8b465ee728b)  -> (artifact id: 'ebad4f2be1fac7a3a1a2329fec575be9') in 0.019433 seconds 
========================================================================
Received Import Request.
  Time since last request: 0.000075 seconds.
  path: Assets/Sprites/tiles_spritesheet_14.asset
  artifactKey: Guid(5da0cb6c85ab7024ca5875a405394a42) Importer(815301076,1909f56bfc062723c751e8b465ee728b)
Start importing Assets/Sprites/tiles_spritesheet_14.asset using Guid(5da0cb6c85ab7024ca5875a405394a42) Importer(815301076,1909f56bfc062723c751e8b465ee728b)  -> (artifact id: '0953d109739d590bcc45381938926dd0') in 0.015677 seconds 
========================================================================
Received Import Request.
  Time since last request: 0.000026 seconds.
  path: Assets/Sprites/tiles_spritesheet_7.asset
  artifactKey: Guid(e18b6cffd96faf948896e779f62b8fe5) Importer(815301076,1909f56bfc062723c751e8b465ee728b)
Start importing Assets/Sprites/tiles_spritesheet_7.asset using Guid(e18b6cffd96faf948896e779f62b8fe5) Importer(815301076,1909f56bfc062723c751e8b465ee728b)  -> (artifact id: 'f4dbf7fd51bae62dd1c6adf903b18c96') in 0.022014 seconds 
========================================================================
Received Import Request.
  Time since last request: 0.000033 seconds.
  path: Assets/Sprites/tiles_spritesheet_32.asset
  artifactKey: Guid(39f3b6fb8a3137e418fd6b20a32bdd35) Importer(815301076,1909f56bfc062723c751e8b465ee728b)
Start importing Assets/Sprites/tiles_spritesheet_32.asset using Guid(39f3b6fb8a3137e418fd6b20a32bdd35) Importer(815301076,1909f56bfc062723c751e8b465ee728b)  -> (artifact id: '7ecdfb5cf35171ea24de88ffc18c1e0d') in 0.017992 seconds 
========================================================================
Received Import Request.
  Time since last request: 0.000035 seconds.
  path: Assets/Sprites/tiles_spritesheet_2.asset
  artifactKey: Guid(d251d34093152264893f7e2caf7f2b8c) Importer(815301076,1909f56bfc062723c751e8b465ee728b)
Start importing Assets/Sprites/tiles_spritesheet_2.asset using Guid(d251d34093152264893f7e2caf7f2b8c) Importer(815301076,1909f56bfc062723c751e8b465ee728b)  -> (artifact id: '4f58dfad639d1e05c229458b056b5ce7') in 0.019606 seconds 
========================================================================
Received Import Request.
  Time since last request: 0.000033 seconds.
  path: Assets/Sprites/tiles_spritesheet_27.asset
  artifactKey: Guid(f9a7e68baa8a1ba478658c174842fd90) Importer(815301076,1909f56bfc062723c751e8b465ee728b)
Start importing Assets/Sprites/tiles_spritesheet_27.asset using Guid(f9a7e68baa8a1ba478658c174842fd90) Importer(815301076,1909f56bfc062723c751e8b465ee728b)  -> (artifact id: '737554cca5fbb04e07ba6fea822a0dd5') in 0.015519 seconds 
Editor requested this worker to shutdown with reason: Scaling down because of idle timeout
AssetImportWorker is now disconnected from the server
Process exiting
Exiting without the bug reporter. Application will terminate with return code 0